2025-06-02T20:27:38.761-04:00  INFO 19396 --- [api] [restartedMain] c.elderwood.restapi.RestapiApplication   : Starting RestapiApplication using Java 17.0.12 with PID 19396 (C:\Users\tazma\Documents\Angular_Projects\restapi\target\classes started by tazma in C:\Users\tazma\Documents\Angular_Projects\restapi)
2025-06-02T20:27:38.770-04:00  INFO 19396 --- [api] [restartedMain] c.elderwood.restapi.RestapiApplication   : No active profile set, falling back to 1 default profile: "default"
2025-06-02T20:27:38.820-04:00  INFO 19396 --- [api] [restartedMain] .e.DevToolsPropertyDefaultsPostProcessor : Devtools property defaults active! Set 'spring.devtools.add-properties' to 'false' to disable
2025-06-02T20:27:38.820-04:00  INFO 19396 --- [api] [restartedMain] .e.DevToolsPropertyDefaultsPostProcessor : For additional web related logging consider setting the 'logging.level.web' property to 'DEBUG'
2025-06-02T20:27:39.820-04:00  INFO 19396 --- [api] [restartedMain] .s.d.r.c.RepositoryConfigurationDelegate : Bootstrapping Spring Data JPA repositories in DEFAULT mode.
2025-06-02T20:27:39.888-04:00  INFO 19396 --- [api] [restartedMain] .s.d.r.c.RepositoryConfigurationDelegate : Finished Spring Data repository scanning in 55 ms. Found 4 JPA repository interfaces.
2025-06-02T20:27:40.662-04:00  INFO 19396 --- [api] [restartedMain] o.s.b.w.embedded.tomcat.TomcatWebServer  : Tomcat initialized with port 8080 (http)
2025-06-02T20:27:40.676-04:00  INFO 19396 --- [api] [restartedMain] o.apache.catalina.core.StandardService   : Starting service [Tomcat]
2025-06-02T20:27:40.677-04:00  INFO 19396 --- [api] [restartedMain] o.apache.catalina.core.StandardEngine    : Starting Servlet engine: [Apache Tomcat/10.1.36]
2025-06-02T20:27:40.741-04:00  INFO 19396 --- [api] [restartedMain] o.a.c.c.C.[Tomcat].[localhost].[/]       : Initializing Spring embedded WebApplicationContext
2025-06-02T20:27:40.742-04:00  INFO 19396 --- [api] [restartedMain] w.s.c.ServletWebServerApplicationContext : Root WebApplicationContext: initialization completed in 1921 ms
2025-06-02T20:27:41.169-04:00  INFO 19396 --- [api] [restartedMain] o.hibernate.jpa.internal.util.LogHelper  : HHH000204: Processing PersistenceUnitInfo [name: default]
2025-06-02T20:27:41.247-04:00  INFO 19396 --- [api] [restartedMain] org.hibernate.Version                    : HHH000412: Hibernate ORM core version 6.6.8.Final
2025-06-02T20:27:41.304-04:00  INFO 19396 --- [api] [restartedMain] o.h.c.internal.RegionFactoryInitiator    : HHH000026: Second-level cache disabled
2025-06-02T20:27:41.639-04:00  INFO 19396 --- [api] [restartedMain] o.s.o.j.p.SpringPersistenceUnitInfo      : No LoadTimeWeaver setup: ignoring JPA class transformer
2025-06-02T20:27:41.801-04:00  WARN 19396 --- [api] [restartedMain] org.hibernate.dialect.Dialect            : HHH000511: The 5.5.5 version for [org.hibernate.dialect.MySQLDialect] is no longer supported, hence certain features may not work properly. The minimum supported version is 8.0.0. Check the community dialects project for available legacy versions.
2025-06-02T20:27:41.805-04:00  WARN 19396 --- [api] [restartedMain] org.hibernate.orm.deprecation            : HHH90000025: MySQLDialect does not need to be specified explicitly using 'hibernate.dialect' (remove the property setting and it will be selected by default)
2025-06-02T20:27:41.821-04:00  INFO 19396 --- [api] [restartedMain] org.hibernate.orm.connections.pooling    : HHH10001005: Database info:
	Database JDBC URL [Connecting through datasource 'org.springframework.jdbc.datasource.DriverManagerDataSource@419b69ab']
	Database driver: undefined/unknown
	Database version: 5.5.5
	Autocommit mode: undefined/unknown
	Isolation level: undefined/unknown
	Minimum pool size: undefined/unknown
	Maximum pool size: undefined/unknown
2025-06-02T20:27:41.828-04:00 DEBUG 19396 --- [api] [restartedMain] o.h.t.d.sql.spi.DdlTypeRegistry          : addDescriptor(12, org.hibernate.type.descriptor.sql.internal.CapacityDependentDdlType@242f8e2f) replaced previous registration(org.hibernate.type.descriptor.sql.internal.CapacityDependentDdlType@5058e8f1)
2025-06-02T20:27:41.828-04:00 DEBUG 19396 --- [api] [restartedMain] o.h.t.d.sql.spi.DdlTypeRegistry          : addDescriptor(-9, org.hibernate.type.descriptor.sql.internal.CapacityDependentDdlType@132a1030) replaced previous registration(org.hibernate.type.descriptor.sql.internal.CapacityDependentDdlType@6d636399)
2025-06-02T20:27:41.829-04:00 DEBUG 19396 --- [api] [restartedMain] o.h.t.d.sql.spi.DdlTypeRegistry          : addDescriptor(-3, org.hibernate.type.descriptor.sql.internal.CapacityDependentDdlType@35e5d6ec) replaced previous registration(org.hibernate.type.descriptor.sql.internal.CapacityDependentDdlType@22edafc1)
2025-06-02T20:27:41.829-04:00 DEBUG 19396 --- [api] [restartedMain] o.h.t.d.sql.spi.DdlTypeRegistry          : addDescriptor(4003, org.hibernate.type.descriptor.sql.internal.DdlTypeImpl@6105903c) replaced previous registration(org.hibernate.type.descriptor.sql.internal.DdlTypeImpl@178c482e)
2025-06-02T20:27:41.830-04:00 DEBUG 19396 --- [api] [restartedMain] o.h.t.d.sql.spi.DdlTypeRegistry          : addDescriptor(4001, org.hibernate.type.descriptor.sql.internal.DdlTypeImpl@cc5be85) replaced previous registration(org.hibernate.type.descriptor.sql.internal.DdlTypeImpl@43199b7b)
2025-06-02T20:27:41.830-04:00 DEBUG 19396 --- [api] [restartedMain] o.h.t.d.sql.spi.DdlTypeRegistry          : addDescriptor(4002, org.hibernate.type.descriptor.sql.internal.DdlTypeImpl@ed07754) replaced previous registration(org.hibernate.type.descriptor.sql.internal.DdlTypeImpl@7be89398)
2025-06-02T20:27:41.830-04:00 DEBUG 19396 --- [api] [restartedMain] o.h.t.d.sql.spi.DdlTypeRegistry          : addDescriptor(2004, org.hibernate.type.descriptor.sql.internal.CapacityDependentDdlType@5a783bf6) replaced previous registration(org.hibernate.type.descriptor.sql.internal.DdlTypeImpl@55b5a181)
2025-06-02T20:27:41.831-04:00 DEBUG 19396 --- [api] [restartedMain] o.h.t.d.sql.spi.DdlTypeRegistry          : addDescriptor(2005, org.hibernate.type.descriptor.sql.internal.CapacityDependentDdlType@58d206b4) replaced previous registration(org.hibernate.type.descriptor.sql.internal.DdlTypeImpl@67993a65)
2025-06-02T20:27:41.831-04:00 DEBUG 19396 --- [api] [restartedMain] o.h.t.d.sql.spi.DdlTypeRegistry          : addDescriptor(2011, org.hibernate.type.descriptor.sql.internal.CapacityDependentDdlType@7c250aeb) replaced previous registration(org.hibernate.type.descriptor.sql.internal.DdlTypeImpl@4e40547)
2025-06-02T20:27:42.605-04:00  INFO 19396 --- [api] [restartedMain] o.h.e.t.j.p.i.JtaPlatformInitiator       : HHH000489: No JTA platform available (set 'hibernate.transaction.jta.platform' to enable JTA platform integration)
2025-06-02T20:27:42.710-04:00 DEBUG 19396 --- [api] [restartedMain] org.hibernate.SQL                        : create table products (productid bigint not null, description varchar(255), discountable boolean false not null, img_path varchar(255), price decimal(38,2) not null, quantity int default 0 not null, title varchar(255) not null, primary key (productid)) engine=InnoDB
2025-06-02T20:27:42.717-04:00  WARN 19396 --- [api] [restartedMain] o.h.t.s.i.ExceptionHandlerLoggedImpl     : GenerationTarget encountered exception accepting command : Error executing DDL "create table products (productid bigint not null, description varchar(255), discountable boolean false not null, img_path varchar(255), price decimal(38,2) not null, quantity int default 0 not null, title varchar(255) not null, primary key (productid)) engine=InnoDB" via JDBC [You have an error in your SQL syntax; check the manual that corresponds to your MariaDB server version for the right syntax to use near 'false not null, img_path varchar(255), price decimal(38,2) not null, quantity...' at line 1]

org.hibernate.tool.schema.spi.CommandAcceptanceException: Error executing DDL "create table products (productid bigint not null, description varchar(255), discountable boolean false not null, img_path varchar(255), price decimal(38,2) not null, quantity int default 0 not null, title varchar(255) not null, primary key (productid)) engine=InnoDB" via JDBC [You have an error in your SQL syntax; check the manual that corresponds to your MariaDB server version for the right syntax to use near 'false not null, img_path varchar(255), price decimal(38,2) not null, quantity...' at line 1]
	at org.hibernate.tool.schema.internal.exec.GenerationTargetToDatabase.accept(GenerationTargetToDatabase.java:94) ~[hibernate-core-6.6.8.Final.jar:6.6.8.Final]
	at org.hibernate.tool.schema.internal.AbstractSchemaMigrator.applySqlString(AbstractSchemaMigrator.java:576) ~[hibernate-core-6.6.8.Final.jar:6.6.8.Final]
	at org.hibernate.tool.schema.internal.AbstractSchemaMigrator.applySqlStrings(AbstractSchemaMigrator.java:516) ~[hibernate-core-6.6.8.Final.jar:6.6.8.Final]
	at org.hibernate.tool.schema.internal.AbstractSchemaMigrator.createTable(AbstractSchemaMigrator.java:316) ~[hibernate-core-6.6.8.Final.jar:6.6.8.Final]
	at org.hibernate.tool.schema.internal.GroupedSchemaMigratorImpl.performTablesMigration(GroupedSchemaMigratorImpl.java:80) ~[hibernate-core-6.6.8.Final.jar:6.6.8.Final]
	at org.hibernate.tool.schema.internal.AbstractSchemaMigrator.performMigration(AbstractSchemaMigrator.java:233) ~[hibernate-core-6.6.8.Final.jar:6.6.8.Final]
	at org.hibernate.tool.schema.internal.AbstractSchemaMigrator.doMigration(AbstractSchemaMigrator.java:112) ~[hibernate-core-6.6.8.Final.jar:6.6.8.Final]
	at org.hibernate.tool.schema.spi.SchemaManagementToolCoordinator.performDatabaseAction(SchemaManagementToolCoordinator.java:280) ~[hibernate-core-6.6.8.Final.jar:6.6.8.Final]
	at org.hibernate.tool.schema.spi.SchemaManagementToolCoordinator.lambda$process$5(SchemaManagementToolCoordinator.java:144) ~[hibernate-core-6.6.8.Final.jar:6.6.8.Final]
	at java.base/java.util.HashMap.forEach(HashMap.java:1421) ~[na:na]
	at org.hibernate.tool.schema.spi.SchemaManagementToolCoordinator.process(SchemaManagementToolCoordinator.java:141) ~[hibernate-core-6.6.8.Final.jar:6.6.8.Final]
	at org.hibernate.boot.internal.SessionFactoryObserverForSchemaExport.sessionFactoryCreated(SessionFactoryObserverForSchemaExport.java:37) ~[hibernate-core-6.6.8.Final.jar:6.6.8.Final]
	at org.hibernate.internal.SessionFactoryObserverChain.sessionFactoryCreated(SessionFactoryObserverChain.java:35) ~[hibernate-core-6.6.8.Final.jar:6.6.8.Final]
	at org.hibernate.internal.SessionFactoryImpl.<init>(SessionFactoryImpl.java:324) ~[hibernate-core-6.6.8.Final.jar:6.6.8.Final]
	at org.hibernate.boot.internal.SessionFactoryBuilderImpl.build(SessionFactoryBuilderImpl.java:463) ~[hibernate-core-6.6.8.Final.jar:6.6.8.Final]
	at org.hibernate.jpa.boot.internal.EntityManagerFactoryBuilderImpl.build(EntityManagerFactoryBuilderImpl.java:1517) ~[hibernate-core-6.6.8.Final.jar:6.6.8.Final]
	at org.springframework.orm.jpa.vendor.SpringHibernateJpaPersistenceProvider.createContainerEntityManagerFactory(SpringHibernateJpaPersistenceProvider.java:66) ~[spring-orm-6.2.3.jar:6.2.3]
	at org.springframework.orm.jpa.LocalContainerEntityManagerFactoryBean.createNativeEntityManagerFactory(LocalContainerEntityManagerFactoryBean.java:390) ~[spring-orm-6.2.3.jar:6.2.3]
	at org.springframework.orm.jpa.AbstractEntityManagerFactoryBean.buildNativeEntityManagerFactory(AbstractEntityManagerFactoryBean.java:419) ~[spring-orm-6.2.3.jar:6.2.3]
	at org.springframework.orm.jpa.AbstractEntityManagerFactoryBean.afterPropertiesSet(AbstractEntityManagerFactoryBean.java:400) ~[spring-orm-6.2.3.jar:6.2.3]
	at org.springframework.orm.jpa.LocalContainerEntityManagerFactoryBean.afterPropertiesSet(LocalContainerEntityManagerFactoryBean.java:366) ~[spring-orm-6.2.3.jar:6.2.3]
	at org.springframework.beans.factory.support.AbstractAutowireCapableBeanFactory.invokeInitMethods(AbstractAutowireCapableBeanFactory.java:1859) ~[spring-beans-6.2.3.jar:6.2.3]
	at org.springframework.beans.factory.support.AbstractAutowireCapableBeanFactory.initializeBean(AbstractAutowireCapableBeanFactory.java:1808) ~[spring-beans-6.2.3.jar:6.2.3]
	at org.springframework.beans.factory.support.AbstractAutowireCapableBeanFactory.doCreateBean(AbstractAutowireCapableBeanFactory.java:601) ~[spring-beans-6.2.3.jar:6.2.3]
	at org.springframework.beans.factory.support.AbstractAutowireCapableBeanFactory.createBean(AbstractAutowireCapableBeanFactory.java:523) ~[spring-beans-6.2.3.jar:6.2.3]
	at org.springframework.beans.factory.support.AbstractBeanFactory.lambda$doGetBean$0(AbstractBeanFactory.java:339) ~[spring-beans-6.2.3.jar:6.2.3]
	at org.springframework.beans.factory.support.DefaultSingletonBeanRegistry.getSingleton(DefaultSingletonBeanRegistry.java:346) ~[spring-beans-6.2.3.jar:6.2.3]
	at org.springframework.beans.factory.support.AbstractBeanFactory.doGetBean(AbstractBeanFactory.java:337) ~[spring-beans-6.2.3.jar:6.2.3]
	at org.springframework.beans.factory.support.AbstractBeanFactory.getBean(AbstractBeanFactory.java:207) ~[spring-beans-6.2.3.jar:6.2.3]
	at org.springframework.context.support.AbstractApplicationContext.finishBeanFactoryInitialization(AbstractApplicationContext.java:970) ~[spring-context-6.2.3.jar:6.2.3]
	at org.springframework.context.support.AbstractApplicationContext.refresh(AbstractApplicationContext.java:627) ~[spring-context-6.2.3.jar:6.2.3]
	at org.springframework.boot.web.servlet.context.ServletWebServerApplicationContext.refresh(ServletWebServerApplicationContext.java:146) ~[spring-boot-3.4.3.jar:3.4.3]
	at org.springframework.boot.SpringApplication.refresh(SpringApplication.java:752) ~[spring-boot-3.4.3.jar:3.4.3]
	at org.springframework.boot.SpringApplication.refreshContext(SpringApplication.java:439) ~[spring-boot-3.4.3.jar:3.4.3]
	at org.springframework.boot.SpringApplication.run(SpringApplication.java:318) ~[spring-boot-3.4.3.jar:3.4.3]
	at org.springframework.boot.SpringApplication.run(SpringApplication.java:1361) ~[spring-boot-3.4.3.jar:3.4.3]
	at org.springframework.boot.SpringApplication.run(SpringApplication.java:1350) ~[spring-boot-3.4.3.jar:3.4.3]
	at com.elderwood.restapi.RestapiApplication.main(RestapiApplication.java:10) ~[classes/:na]
	at java.base/jdk.internal.reflect.NativeMethodAccessorImpl.invoke0(Native Method) ~[na:na]
	at java.base/jdk.internal.reflect.NativeMethodAccessorImpl.invoke(NativeMethodAccessorImpl.java:77) ~[na:na]
	at java.base/jdk.internal.reflect.DelegatingMethodAccessorImpl.invoke(DelegatingMethodAccessorImpl.java:43) ~[na:na]
	at java.base/java.lang.reflect.Method.invoke(Method.java:568) ~[na:na]
	at org.springframework.boot.devtools.restart.RestartLauncher.run(RestartLauncher.java:50) ~[spring-boot-devtools-3.4.3.jar:3.4.3]
Caused by: java.sql.SQLSyntaxErrorException: You have an error in your SQL syntax; check the manual that corresponds to your MariaDB server version for the right syntax to use near 'false not null, img_path varchar(255), price decimal(38,2) not null, quantity...' at line 1
	at com.mysql.cj.jdbc.exceptions.SQLError.createSQLException(SQLError.java:120) ~[mysql-connector-java-8.0.23.jar:8.0.23]
	at com.mysql.cj.jdbc.exceptions.SQLExceptionsMapping.translateException(SQLExceptionsMapping.java:122) ~[mysql-connector-java-8.0.23.jar:8.0.23]
	at com.mysql.cj.jdbc.StatementImpl.executeInternal(StatementImpl.java:762) ~[mysql-connector-java-8.0.23.jar:8.0.23]
	at com.mysql.cj.jdbc.StatementImpl.execute(StatementImpl.java:646) ~[mysql-connector-java-8.0.23.jar:8.0.23]
	at org.hibernate.tool.schema.internal.exec.GenerationTargetToDatabase.accept(GenerationTargetToDatabase.java:80) ~[hibernate-core-6.6.8.Final.jar:6.6.8.Final]
	... 42 common frames omitted

2025-06-02T20:27:42.725-04:00 DEBUG 19396 --- [api] [restartedMain] org.hibernate.SQL                        : create table products_seq (next_val bigint) engine=InnoDB
2025-06-02T20:27:42.733-04:00 DEBUG 19396 --- [api] [restartedMain] org.hibernate.SQL                        : insert into products_seq values ( 1 )
2025-06-02T20:27:42.786-04:00  INFO 19396 --- [api] [restartedMain] j.LocalContainerEntityManagerFactoryBean : Initialized JPA EntityManagerFactory for persistence unit 'default'
2025-06-02T20:27:43.199-04:00  INFO 19396 --- [api] [restartedMain] o.s.d.j.r.query.QueryEnhancerFactory     : Hibernate is in classpath; If applicable, HQL parser will be used.
2025-06-02T20:27:44.010-04:00  WARN 19396 --- [api] [restartedMain] JpaBaseConfiguration$JpaWebConfiguration : spring.jpa.open-in-view is enabled by default. Therefore, database queries may be performed during view rendering. Explicitly configure spring.jpa.open-in-view to disable this warning
2025-06-02T20:27:44.063-04:00  INFO 19396 --- [api] [restartedMain] r$InitializeUserDetailsManagerConfigurer : Global AuthenticationManager configured with UserDetailsService bean with name inMemoryUserDetailsManager
2025-06-02T20:27:44.568-04:00  INFO 19396 --- [api] [restartedMain] o.s.b.a.e.web.EndpointLinksResolver      : Exposing 15 endpoints beneath base path '/actuator'
2025-06-02T20:27:44.638-04:00 DEBUG 19396 --- [api] [restartedMain] o.s.s.web.DefaultSecurityFilterChain     : Will secure any request with filters: DisableEncodeUrlFilter, WebAsyncManagerIntegrationFilter, SecurityContextHolderFilter, HeaderWriterFilter, CorsFilter, LogoutFilter, BasicAuthenticationFilter, RequestCacheAwareFilter, SecurityContextHolderAwareRequestFilter, AnonymousAuthenticationFilter, ExceptionTranslationFilter, AuthorizationFilter
2025-06-02T20:27:45.036-04:00  INFO 19396 --- [api] [restartedMain] o.s.b.d.a.OptionalLiveReloadServer       : LiveReload server is running on port 35729
2025-06-02T20:27:45.103-04:00  INFO 19396 --- [api] [restartedMain] o.s.b.w.embedded.tomcat.TomcatWebServer  : Tomcat started on port 8080 (http) with context path '/'
2025-06-02T20:27:45.116-04:00  INFO 19396 --- [api] [restartedMain] c.elderwood.restapi.RestapiApplication   : Started RestapiApplication in 6.758 seconds (process running for 7.339)
2025-06-02T20:28:06.319-04:00  INFO 19396 --- [api] [http-nio-8080-exec-1] o.a.c.c.C.[Tomcat].[localhost].[/]       : Initializing Spring DispatcherServlet 'dispatcherServlet'
2025-06-02T20:28:06.319-04:00  INFO 19396 --- [api] [http-nio-8080-exec-1] o.s.web.servlet.DispatcherServlet        : Initializing Servlet 'dispatcherServlet'
2025-06-02T20:28:06.321-04:00  INFO 19396 --- [api] [http-nio-8080-exec-1] o.s.web.servlet.DispatcherServlet        : Completed initialization in 1 ms
2025-06-02T20:28:06.348-04:00 DEBUG 19396 --- [api] [http-nio-8080-exec-1] o.s.security.web.FilterChainProxy        : Securing OPTIONS /api/login
2025-06-02T20:28:06.381-04:00 DEBUG 19396 --- [api] [http-nio-8080-exec-2] o.s.security.web.FilterChainProxy        : Securing POST /api/login
2025-06-02T20:28:06.386-04:00 DEBUG 19396 --- [api] [http-nio-8080-exec-2] o.s.s.w.a.AnonymousAuthenticationFilter  : Set SecurityContextHolder to anonymous SecurityContext
2025-06-02T20:28:06.422-04:00 DEBUG 19396 --- [api] [http-nio-8080-exec-2] o.s.s.w.s.HttpSessionRequestCache        : Saved request http://localhost:8080/api/login?continue to session
2025-06-02T20:28:06.422-04:00 DEBUG 19396 --- [api] [http-nio-8080-exec-2] s.w.a.DelegatingAuthenticationEntryPoint : Trying to match using RequestHeaderRequestMatcher [expectedHeaderName=X-Requested-With, expectedHeaderValue=XMLHttpRequest]
2025-06-02T20:28:06.423-04:00 DEBUG 19396 --- [api] [http-nio-8080-exec-2] s.w.a.DelegatingAuthenticationEntryPoint : No match found. Using default entry point org.springframework.security.web.authentication.www.BasicAuthenticationEntryPoint@a68cffc
2025-06-02T20:28:06.429-04:00 DEBUG 19396 --- [api] [http-nio-8080-exec-2] o.s.security.web.FilterChainProxy        : Securing POST /error
2025-06-02T20:28:06.430-04:00 DEBUG 19396 --- [api] [http-nio-8080-exec-2] o.s.s.w.a.AnonymousAuthenticationFilter  : Set SecurityContextHolder to anonymous SecurityContext
2025-06-02T20:28:06.431-04:00 DEBUG 19396 --- [api] [http-nio-8080-exec-2] o.s.s.w.s.HttpSessionRequestCache        : Saved request http://localhost:8080/error?continue to session
2025-06-02T20:28:06.431-04:00 DEBUG 19396 --- [api] [http-nio-8080-exec-2] s.w.a.DelegatingAuthenticationEntryPoint : Trying to match using RequestHeaderRequestMatcher [expectedHeaderName=X-Requested-With, expectedHeaderValue=XMLHttpRequest]
2025-06-02T20:28:06.431-04:00 DEBUG 19396 --- [api] [http-nio-8080-exec-2] s.w.a.DelegatingAuthenticationEntryPoint : No match found. Using default entry point org.springframework.security.web.authentication.www.BasicAuthenticationEntryPoint@a68cffc
2025-06-02T20:28:20.827-04:00 DEBUG 19396 --- [api] [http-nio-8080-exec-3] o.s.security.web.FilterChainProxy        : Securing OPTIONS /api/login
2025-06-02T20:28:20.845-04:00 DEBUG 19396 --- [api] [http-nio-8080-exec-4] o.s.security.web.FilterChainProxy        : Securing POST /api/login
2025-06-02T20:28:20.847-04:00 DEBUG 19396 --- [api] [http-nio-8080-exec-4] o.s.s.w.a.AnonymousAuthenticationFilter  : Set SecurityContextHolder to anonymous SecurityContext
2025-06-02T20:28:20.848-04:00 DEBUG 19396 --- [api] [http-nio-8080-exec-4] o.s.s.w.s.HttpSessionRequestCache        : Saved request http://localhost:8080/api/login?continue to session
2025-06-02T20:28:20.848-04:00 DEBUG 19396 --- [api] [http-nio-8080-exec-4] s.w.a.DelegatingAuthenticationEntryPoint : Trying to match using RequestHeaderRequestMatcher [expectedHeaderName=X-Requested-With, expectedHeaderValue=XMLHttpRequest]
2025-06-02T20:28:20.849-04:00 DEBUG 19396 --- [api] [http-nio-8080-exec-4] s.w.a.DelegatingAuthenticationEntryPoint : No match found. Using default entry point org.springframework.security.web.authentication.www.BasicAuthenticationEntryPoint@a68cffc
2025-06-02T20:28:20.851-04:00 DEBUG 19396 --- [api] [http-nio-8080-exec-4] o.s.security.web.FilterChainProxy        : Securing POST /error
2025-06-02T20:28:20.853-04:00 DEBUG 19396 --- [api] [http-nio-8080-exec-4] o.s.s.w.a.AnonymousAuthenticationFilter  : Set SecurityContextHolder to anonymous SecurityContext
2025-06-02T20:28:20.854-04:00 DEBUG 19396 --- [api] [http-nio-8080-exec-4] o.s.s.w.s.HttpSessionRequestCache        : Saved request http://localhost:8080/error?continue to session
2025-06-02T20:28:20.855-04:00 DEBUG 19396 --- [api] [http-nio-8080-exec-4] s.w.a.DelegatingAuthenticationEntryPoint : Trying to match using RequestHeaderRequestMatcher [expectedHeaderName=X-Requested-With, expectedHeaderValue=XMLHttpRequest]
2025-06-02T20:28:20.855-04:00 DEBUG 19396 --- [api] [http-nio-8080-exec-4] s.w.a.DelegatingAuthenticationEntryPoint : No match found. Using default entry point org.springframework.security.web.authentication.www.BasicAuthenticationEntryPoint@a68cffc
2025-06-02T20:29:26.598-04:00  INFO 19396 --- [api] [SpringApplicationShutdownHook] o.s.b.w.e.tomcat.GracefulShutdown        : Commencing graceful shutdown. Waiting for active requests to complete
2025-06-02T20:29:26.637-04:00  INFO 19396 --- [api] [tomcat-shutdown] o.s.b.w.e.tomcat.GracefulShutdown        : Graceful shutdown complete
2025-06-02T20:29:26.643-04:00  INFO 19396 --- [api] [SpringApplicationShutdownHook] j.LocalContainerEntityManagerFactoryBean : Closing JPA EntityManagerFactory for persistence unit 'default'
